# JRE version: OpenJDK Runtime Environment (11.0.3+7) (build 11.0.3+7-Ubuntu-1ubuntu218.04.1)
# Java VM: OpenJDK 64-Bit Server VM (11.0.3+7-Ubuntu-1ubuntu218.04.1, mixed mode, sharing, tiered, compressed oops, g1 gc, linux-amd64)
Heap:
 garbage-first heap   total 616448K, used 971K [0x0000000084e00000, 0x0000000100000000)
  region size 1024K, 0 young (0K), 0 survivors (0K)
 Metaspace       used 177K, capacity 4486K, committed 4864K, reserved 1056768K
  class space    used 6K, capacity 386K, committed 512K, reserved 1048576K
GC Heap History (10 events):
Event: 2.547 GC heap after
{Heap after GC invocations=11 (full 0):
 garbage-first heap   total 262144K, used 994K [0x0000000084e00000, 0x0000000100000000)
  region size 1024K, 1 young (1024K), 1 survivors (1024K)
 Metaspace       used 177K, capacity 4486K, committed 4864K, reserved 1056768K
  class space    used 6K, capacity 386K, committed 512K, reserved 1048576K
}
Event: 2.604 GC heap before
{Heap before GC invocations=11 (full 0):
 garbage-first heap   total 262144K, used 156642K [0x0000000084e00000, 0x0000000100000000)
  region size 1024K, 153 young (156672K), 1 survivors (1024K)
 Metaspace       used 177K, capacity 4486K, committed 4864K, reserved 1056768K
  class space    used 6K, capacity 386K, committed 512K, reserved 1048576K
}
Event: 2.607 GC heap after
{Heap after GC invocations=12 (full 0):
 garbage-first heap   total 262144K, used 976K [0x0000000084e00000, 0x0000000100000000)
  region size 1024K, 1 young (1024K), 1 survivors (1024K)
 Metaspace       used 177K, capacity 4486K, committed 4864K, reserved 1056768K
  class space    used 6K, capacity 386K, committed 512K, reserved 1048576K
}
Event: 2.664 GC heap before
{Heap before GC invocations=12 (full 0):
 garbage-first heap   total 262144K, used 156624K [0x0000000084e00000, 0x0000000100000000)
  region size 1024K, 153 young (156672K), 1 survivors (1024K)
 Metaspace       used 177K, capacity 4486K, committed 4864K, reserved 1056768K
  class space    used 6K, capacity 386K, committed 512K, reserved 1048576K
}
Event: 2.667 GC heap after
{Heap after GC invocations=13 (full 0):
 garbage-first heap   total 262144K, used 986K [0x0000000084e00000, 0x0000000100000000)
  region size 1024K, 1 young (1024K), 1 survivors (1024K)
 Metaspace       used 177K, capacity 4486K, committed 4864K, reserved 1056768K
  class space    used 6K, capacity 386K, committed 512K, reserved 1048576K
}
Event: 2.724 GC heap before
{Heap before GC invocations=13 (full 0):
 garbage-first heap   total 262144K, used 156634K [0x0000000084e00000, 0x0000000100000000)
  region size 1024K, 153 young (156672K), 1 survivors (1024K)
 Metaspace       used 177K, capacity 4486K, committed 4864K, reserved 1056768K
  class space    used 6K, capacity 386K, committed 512K, reserved 1048576K
}
Event: 2.726 GC heap after
{Heap after GC invocations=14 (full 0):
 garbage-first heap   total 262144K, used 994K [0x0000000084e00000, 0x0000000100000000)
  region size 1024K, 1 young (1024K), 1 survivors (1024K)
 Metaspace       used 177K, capacity 4486K, committed 4864K, reserved 1056768K
  class space    used 6K, capacity 386K, committed 512K, reserved 1048576K
}
Event: 2.782 GC heap before
{Heap before GC invocations=14 (full 0):
 garbage-first heap   total 262144K, used 156642K [0x0000000084e00000, 0x0000000100000000)
  region size 1024K, 153 young (156672K), 1 survivors (1024K)
 Metaspace       used 177K, capacity 4486K, committed 4864K, reserved 1056768K
  class space    used 6K, capacity 386K, committed 512K, reserved 1048576K
}
Event: 2.784 GC heap after
{Heap after GC invocations=15 (full 0):
 garbage-first heap   total 262144K, used 977K [0x0000000084e00000, 0x0000000100000000)
  region size 1024K, 1 young (1024K), 1 survivors (1024K)
 Metaspace       used 177K, capacity 4486K, committed 4864K, reserved 1056768K
  class space    used 6K, capacity 386K, committed 512K, reserved 1048576K
}
Event: 2.841 GC heap before
{Heap before GC invocations=15 (full 0):
 garbage-first heap   total 262144K, used 156625K [0x0000000084e00000, 0x0000000100000000)
  region size 1024K, 153 young (156672K), 1 survivors (1024K)
 Metaspace       used 177K, capacity 4486K, committed 4864K, reserved 1056768K
  class space    used 6K, capacity 386K, committed 512K, reserved 1048576K
}

